<?xml version="1.0" encoding="UTF-8"?>
<testsuite xmlns:xsi="http://www.w3.org/2001/XMLSchema-instance" xsi:noNamespaceSchemaLocation="https://maven.apache.org/surefire/maven-surefire-plugin/xsd/surefire-test-report.xsd" version="3.0.2" name="TestSuite" time="2.232" tests="6" errors="0" skipped="4" failures="2">
  <properties>
[...]
</properties>
  <testcase name="setup" classname="testCases.TC001_AccountRegistrationTest" time="1.894">
    <failure message="&#10;Parameter &apos;os&apos; is required by BeforeClass on method setup but has not been marked @Optional or defined&#10;" type="org.testng.TestNGException"><![CDATA[org.testng.TestNGException: 

Parameter 'os' is required by BeforeClass on method setup but has not been marked @Optional or defined

	at org.testng.internal.Parameters.createParams(Parameters.java:264)
	at org.testng.internal.Parameters.createParametersForMethod(Parameters.java:352)
	at org.testng.internal.Parameters.createParameters(Parameters.java:690)
	at org.testng.internal.Parameters.createConfigurationParameters(Parameters.java:163)
	at org.testng.internal.invokers.ConfigInvoker.invokeConfigurations(ConfigInvoker.java:313)
	at org.testng.internal.invokers.TestMethodWorker.invokeBeforeClassMethods(TestMethodWorker.java:188)
	at org.testng.internal.invokers.TestMethodWorker.run(TestMethodWorker.java:128)
	at java.base/java.util.ArrayList.forEach(ArrayList.java:1511)
	at org.testng.TestRunner.privateRun(TestRunner.java:739)
	at org.testng.TestRunner.run(TestRunner.java:614)
	at org.testng.SuiteRunner.runTest(SuiteRunner.java:421)
	at org.testng.SuiteRunner.runSequentially(SuiteRunner.java:413)
	at org.testng.SuiteRunner.privateRun(SuiteRunner.java:373)
	at org.testng.SuiteRunner.run(SuiteRunner.java:312)
	at org.testng.SuiteRunnerWorker.runSuite(SuiteRunnerWorker.java:52)
	at org.testng.SuiteRunnerWorker.run(SuiteRunnerWorker.java:95)
	at org.testng.TestNG.runSuitesSequentially(TestNG.java:1274)
	at org.testng.TestNG.runSuitesLocally(TestNG.java:1208)
	at org.testng.TestNG.runSuites(TestNG.java:1112)
	at org.testng.TestNG.run(TestNG.java:1079)
	at org.apache.maven.surefire.testng.TestNGExecutor.run(TestNGExecutor.java:155)
	at org.apache.maven.surefire.testng.TestNGDirectoryTestSuite.executeMulti(TestNGDirectoryTestSuite.java:169)
	at org.apache.maven.surefire.testng.TestNGDirectoryTestSuite.execute(TestNGDirectoryTestSuite.java:88)
	at org.apache.maven.surefire.testng.TestNGProvider.invoke(TestNGProvider.java:137)
	at org.apache.maven.surefire.booter.ForkedBooter.runSuitesInProcess(ForkedBooter.java:385)
	at org.apache.maven.surefire.booter.ForkedBooter.execute(ForkedBooter.java:162)
	at org.apache.maven.surefire.booter.ForkedBooter.run(ForkedBooter.java:507)
	at org.apache.maven.surefire.booter.ForkedBooter.main(ForkedBooter.java:495)
]]></failure>
    <system-out><![CDATA[2024-11-01T10:00:10.842406200Z main DEBUG Apache Log4j Core 2.24 initializing configuration XmlConfiguration[location=C:\Users\USER\eclipse-workspace\OpencartV121\target\test-classes\log4j2.xml]
2024-11-01T10:00:10.846908500Z main DEBUG PluginManager 'Core' found 131 plugins
2024-11-01T10:00:10.847408100Z main DEBUG PluginManager 'Level' found 0 plugins
2024-11-01T10:00:10.855784300Z main DEBUG Building Plugin[name=Property, class=org.apache.logging.log4j.core.config.Property].
2024-11-01T10:00:10.884799800Z main DEBUG PluginManager 'TypeConverter' found 26 plugins
2024-11-01T10:00:10.902811800Z main DEBUG createProperty(name="log-path", value="./logs", Configuration(C:\Users\USER\eclipse-workspace\OpencartV121\target\test-classes\log4j2.xml))
2024-11-01T10:00:10.903813400Z main DEBUG Building Plugin[name=Property, class=org.apache.logging.log4j.core.config.Property].
2024-11-01T10:00:10.904813100Z main DEBUG createProperty(name="log-pattern", value="%d{yyyy-MM-dd HH:mm:ss} %-5p %c{1}:%L -%m%n", Configuration(C:\Users\USER\eclipse-workspace\OpencartV121\target\test-classes\log4j2.xml))
2024-11-01T10:00:10.904813100Z main DEBUG Building Plugin[name=Properties, class=org.apache.logging.log4j.core.config.PropertiesPlugin].
2024-11-01T10:00:10.911819100Z main DEBUG configureSubstitutor(={log-path=./logs, log-pattern=%d{yyyy-MM-dd HH:mm:ss} %-5p %c{1}:%L -%m%n}, Configuration(C:\Users\USER\eclipse-workspace\OpencartV121\target\test-classes\log4j2.xml))
2024-11-01T10:00:10.913821400Z main DEBUG PluginManager 'Lookup' found 16 plugins
2024-11-01T10:00:10.914819700Z main DEBUG Building Plugin[name=layout, class=org.apache.logging.log4j.core.layout.PatternLayout].
2024-11-01T10:00:10.928833200Z main DEBUG PatternLayout$Builder(pattern="%d{yyyy-MM-dd HH:mm:ss} %-5p %c{1}:%L -%m%n", PatternSelector=null, Configuration(C:\Users\USER\eclipse-workspace\OpencartV121\target\test-classes\log4j2.xml), Replace=null, charset="null", alwaysWriteExceptions="null", disableAnsi="null", noConsoleNoAnsi="null", header="null", footer="null")
2024-11-01T10:00:10.929833Z main DEBUG PluginManager 'Converter' found 45 plugins
2024-11-01T10:00:10.949348900Z main DEBUG Building Plugin[name=appender, class=org.apache.logging.log4j.core.appender.ConsoleAppender].
2024-11-01T10:00:11.006893400Z main DEBUG ConsoleAppender$Builder(target="SYSTEM_OUT", follow="null", direct="null", bufferedIo="null", bufferSize="null", immediateFlush="null", ignoreExceptions="null", PatternLayout(%d{yyyy-MM-dd HH:mm:ss} %-5p %c{1}:%L -%m%n), name="Console", Configuration(C:\Users\USER\eclipse-workspace\OpencartV121\target\test-classes\log4j2.xml), Filter=null, ={})
2024-11-01T10:00:11.010895600Z main DEBUG Starting OutputStreamManager SYSTEM_OUT.false.false
2024-11-01T10:00:11.011895800Z main DEBUG Building Plugin[name=layout, class=org.apache.logging.log4j.core.layout.PatternLayout].
2024-11-01T10:00:11.013897600Z main DEBUG PatternLayout$Builder(pattern="%d{yyyy-MM-dd HH:mm:ss} %-5p %c{1}:%L -%m%n", PatternSelector=null, Configuration(C:\Users\USER\eclipse-workspace\OpencartV121\target\test-classes\log4j2.xml), Replace=null, charset="null", alwaysWriteExceptions="null", disableAnsi="null", noConsoleNoAnsi="null", header="null", footer="null")
2024-11-01T10:00:11.015898400Z main DEBUG Building Plugin[name=TimeBasedTriggeringPolicy, class=org.apache.logging.log4j.core.appender.rolling.TimeBasedTriggeringPolicy].
2024-11-01T10:00:11.021902900Z main DEBUG TimeBasedTriggeringPolicy$Builder(interval="null", modulate="null", maxRandomDelay="null")
2024-11-01T10:00:11.021902900Z main DEBUG Building Plugin[name=SizeBasedTriggeringPolicy, class=org.apache.logging.log4j.core.appender.rolling.SizeBasedTriggeringPolicy].
2024-11-01T10:00:11.022903100Z main DEBUG createPolicy(size="1MB")
2024-11-01T10:00:11.026905700Z main DEBUG Building Plugin[name=Policies, class=org.apache.logging.log4j.core.appender.rolling.CompositeTriggeringPolicy].
2024-11-01T10:00:11.027909200Z main DEBUG createPolicy(={TimeBasedTriggeringPolicy(nextRolloverMillis=0, interval=1, modulate=false), SizeBasedTriggeringPolicy(size=1048576)})
2024-11-01T10:00:11.027909200Z main DEBUG Building Plugin[name=DefaultRolloverStrategy, class=org.apache.logging.log4j.core.appender.rolling.DefaultRolloverStrategy].
2024-11-01T10:00:11.032909700Z main DEBUG DefaultRolloverStrategy$Builder(max="10", min="null", fileIndex="null", compressionLevel="null", ={}, stopCustomActionsOnError="null", tempCompressedFilePattern="null", Configuration(C:\Users\USER\eclipse-workspace\OpencartV121\target\test-classes\log4j2.xml))
2024-11-01T10:00:11.033910400Z main DEBUG Building Plugin[name=appender, class=org.apache.logging.log4j.core.appender.RollingFileAppender].
2024-11-01T10:00:11.064436Z main DEBUG RollingFileAppender$Builder(fileName="./logs/automation.log", filePattern="./logs/automation-%d{MM-dd-yyyy}-%i.log.gz", append="null", locking="null", Policies(CompositeTriggeringPolicy(policies=[TimeBasedTriggeringPolicy(nextRolloverMillis=0, interval=1, modulate=false), SizeBasedTriggeringPolicy(size=1048576)])), DefaultRolloverStrategy(DefaultRolloverStrategy(min=1, max=10, useMax=true)), advertise="null", advertiseUri="null", createOnDemand="null", filePermissions="null", fileOwner="null", fileGroup="null", bufferedIo="null", bufferSize="null", immediateFlush="null", ignoreExceptions="null", PatternLayout(%d{yyyy-MM-dd HH:mm:ss} %-5p %c{1}:%L -%m%n), name="File", Configuration(C:\Users\USER\eclipse-workspace\OpencartV121\target\test-classes\log4j2.xml), Filter=null, ={})
2024-11-01T10:00:11.083949200Z main DEBUG Returning file creation time for C:\Users\USER\eclipse-workspace\OpencartV121\.\logs\automation.log
2024-11-01T10:00:11.084449700Z main DEBUG Starting RollingFileManager ./logs/automation.log
2024-11-01T10:00:11.087951800Z main DEBUG PluginManager 'FileConverter' found 2 plugins
2024-11-01T10:00:11.100960Z main DEBUG Setting prev file time to 2024-09-23T09:42:50.555+0530
2024-11-01T10:00:11.101461Z main DEBUG Initializing triggering policy CompositeTriggeringPolicy(policies=[TimeBasedTriggeringPolicy(nextRolloverMillis=0, interval=1, modulate=false), SizeBasedTriggeringPolicy(size=1048576)])
2024-11-01T10:00:11.101461Z main DEBUG Initializing triggering policy TimeBasedTriggeringPolicy(nextRolloverMillis=0, interval=1, modulate=false)
2024-11-01T10:00:11.102961800Z main DEBUG Initializing triggering policy SizeBasedTriggeringPolicy(size=1048576)
2024-11-01T10:00:11.102961800Z main DEBUG Building Plugin[name=Appenders, class=org.apache.logging.log4j.core.config.AppendersPlugin].
2024-11-01T10:00:11.104462600Z main DEBUG createAppenders(={Console, File})
2024-11-01T10:00:11.104963100Z main DEBUG Building Plugin[name=AppenderRef, class=org.apache.logging.log4j.core.config.AppenderRef].
2024-11-01T10:00:11.105964200Z main DEBUG createAppenderRef(ref="File", level="null", Filter=null)
2024-11-01T10:00:11.106463900Z main DEBUG Building Plugin[name=Root, class=org.apache.logging.log4j.core.config.LoggerConfig$RootLogger].
2024-11-01T10:00:11.109464900Z main DEBUG LoggerConfig$RootLogger$Builder(additivity="null", level="DEBUG", levelAndRefs="null", includeLocation="null", ={File}, ={}, Configuration(C:\Users\USER\eclipse-workspace\OpencartV121\target\test-classes\log4j2.xml), Filter=null)
2024-11-01T10:00:11.113469Z main DEBUG Building Plugin[name=Loggers, class=org.apache.logging.log4j.core.config.LoggersPlugin].
2024-11-01T10:00:11.115470300Z main DEBUG createLoggers(={root})
2024-11-01T10:00:11.115970Z main DEBUG Configuration XmlConfiguration[location=C:\Users\USER\eclipse-workspace\OpencartV121\target\test-classes\log4j2.xml] initialized
2024-11-01T10:00:11.116470500Z main DEBUG Starting configuration XmlConfiguration[location=C:\Users\USER\eclipse-workspace\OpencartV121\target\test-classes\log4j2.xml]
2024-11-01T10:00:11.116970600Z main DEBUG Started configuration XmlConfiguration[location=C:\Users\USER\eclipse-workspace\OpencartV121\target\test-classes\log4j2.xml] OK.
2024-11-01T10:00:11.117471600Z main DEBUG Shutting down OutputStreamManager SYSTEM_OUT.false.false-1
2024-11-01T10:00:11.117970800Z main DEBUG OutputStream closed
2024-11-01T10:00:11.118973800Z main DEBUG Shut down OutputStreamManager SYSTEM_OUT.false.false-1, all resources released: true
2024-11-01T10:00:11.119472500Z main DEBUG Appender DefaultConsole-1 stopped with status true
2024-11-01T10:00:11.119972600Z main DEBUG Stopped org.apache.logging.log4j.core.config.DefaultConfiguration@50b5ac82 OK
2024-11-01T10:00:11.123976200Z main DEBUG org.apache.logging.log4j.core.util.SystemClock supports precise timestamps.
2024-11-01T10:00:11.124474900Z main DEBUG Reconfiguration complete for context[name=28c97a5] at URI C:\Users\USER\eclipse-workspace\OpencartV121\target\test-classes\log4j2.xml (org.apache.logging.log4j.core.LoggerContext@7cbd9d24) with optional ClassLoader: null
2024-11-01T10:00:11.124977300Z main DEBUG Shutdown hook enabled. Registering a new one.
2024-11-01T10:00:11.126979100Z main DEBUG LoggerContext[name=28c97a5, org.apache.logging.log4j.core.LoggerContext@7cbd9d24] started OK.
]]></system-out>
  </testcase>
  <testcase name="verify_account_registration" classname="testCases.TC001_AccountRegistrationTest" time="0.0">
    <skipped message="&#10;Parameter &apos;os&apos; is required by BeforeClass on method setup but has not been marked @Optional or defined&#10;"/>
  </testcase>
  <testcase name="tearDown" classname="testCases.TC001_AccountRegistrationTest" time="0.0">
    <skipped/>
  </testcase>
  <testcase name="setup" classname="testCases.TC002_LoginTest" time="0.018">
    <failure message="&#10;Parameter &apos;os&apos; is required by BeforeClass on method setup but has not been marked @Optional or defined&#10;" type="org.testng.TestNGException"><![CDATA[org.testng.TestNGException: 

Parameter 'os' is required by BeforeClass on method setup but has not been marked @Optional or defined

	at org.testng.internal.Parameters.createParams(Parameters.java:264)
	at org.testng.internal.Parameters.createParametersForMethod(Parameters.java:352)
	at org.testng.internal.Parameters.createParameters(Parameters.java:690)
	at org.testng.internal.Parameters.createConfigurationParameters(Parameters.java:163)
	at org.testng.internal.invokers.ConfigInvoker.invokeConfigurations(ConfigInvoker.java:313)
	at org.testng.internal.invokers.TestMethodWorker.invokeBeforeClassMethods(TestMethodWorker.java:188)
	at org.testng.internal.invokers.TestMethodWorker.run(TestMethodWorker.java:128)
	at java.base/java.util.ArrayList.forEach(ArrayList.java:1511)
	at org.testng.TestRunner.privateRun(TestRunner.java:739)
	at org.testng.TestRunner.run(TestRunner.java:614)
	at org.testng.SuiteRunner.runTest(SuiteRunner.java:421)
	at org.testng.SuiteRunner.runSequentially(SuiteRunner.java:413)
	at org.testng.SuiteRunner.privateRun(SuiteRunner.java:373)
	at org.testng.SuiteRunner.run(SuiteRunner.java:312)
	at org.testng.SuiteRunnerWorker.runSuite(SuiteRunnerWorker.java:52)
	at org.testng.SuiteRunnerWorker.run(SuiteRunnerWorker.java:95)
	at org.testng.TestNG.runSuitesSequentially(TestNG.java:1274)
	at org.testng.TestNG.runSuitesLocally(TestNG.java:1208)
	at org.testng.TestNG.runSuites(TestNG.java:1112)
	at org.testng.TestNG.run(TestNG.java:1079)
	at org.apache.maven.surefire.testng.TestNGExecutor.run(TestNGExecutor.java:155)
	at org.apache.maven.surefire.testng.TestNGDirectoryTestSuite.executeMulti(TestNGDirectoryTestSuite.java:169)
	at org.apache.maven.surefire.testng.TestNGDirectoryTestSuite.execute(TestNGDirectoryTestSuite.java:88)
	at org.apache.maven.surefire.testng.TestNGProvider.invoke(TestNGProvider.java:137)
	at org.apache.maven.surefire.booter.ForkedBooter.runSuitesInProcess(ForkedBooter.java:385)
	at org.apache.maven.surefire.booter.ForkedBooter.execute(ForkedBooter.java:162)
	at org.apache.maven.surefire.booter.ForkedBooter.run(ForkedBooter.java:507)
	at org.apache.maven.surefire.booter.ForkedBooter.main(ForkedBooter.java:495)
]]></failure>
  </testcase>
  <testcase name="verify_login" classname="testCases.TC002_LoginTest" time="0.0">
    <skipped message="&#10;Parameter &apos;os&apos; is required by BeforeClass on method setup but has not been marked @Optional or defined&#10;"/>
  </testcase>
  <testcase name="tearDown" classname="testCases.TC002_LoginTest" time="0.0">
    <skipped/>
  </testcase>
</testsuite>